Flow report for DE2_115_USB_DEVICE_LED
Fri Feb 11 11:43:49 2022
Quartus Prime Version 16.1.0 Build 196 10/24/2016 SJ Lite Edition


---------------------
; Table of Contents ;
---------------------
  1. Legal Notice
  2. Flow Summary
  3. Flow Settings
  4. Flow Non-Default Global Settings
  5. Flow Elapsed Time
  6. Flow OS Summary
  7. Flow Log
  8. Flow Messages
  9. Flow Suppressed Messages



----------------
; Legal Notice ;
----------------
Copyright (C) 2016  Intel Corporation. All rights reserved.
Your use of Intel Corporation's design tools, logic functions 
and other software and tools, and its AMPP partner logic 
functions, and any output files from any of the foregoing 
(including device programming or simulation files), and any 
associated documentation or information are expressly subject 
to the terms and conditions of the Intel Program License 
Subscription Agreement, the Intel Quartus Prime License Agreement,
the Intel MegaCore Function License Agreement, or other 
applicable license agreement, including, without limitation, 
that your use is for the sole purpose of programming logic 
devices manufactured by Intel and sold by Intel or its 
authorized distributors.  Please refer to the applicable 
agreement for further details.



+----------------------------------------------------------------------------------+
; Flow Summary                                                                     ;
+------------------------------------+---------------------------------------------+
; Flow Status                        ; Successful - Fri Feb 11 11:43:43 2022       ;
; Quartus Prime Version              ; 16.1.0 Build 196 10/24/2016 SJ Lite Edition ;
; Revision Name                      ; DE2_115_USB_DEVICE_LED                      ;
; Top-level Entity Name              ; DE2_115_USB_DEVICE_LED                      ;
; Family                             ; Cyclone IV E                                ;
; Device                             ; EP4CE115F29C7                               ;
; Timing Models                      ; Final                                       ;
; Total logic elements               ; 4,244 / 114,480 ( 4 % )                     ;
;     Total combinational functions  ; 3,697 / 114,480 ( 3 % )                     ;
;     Dedicated logic registers      ; 2,688 / 114,480 ( 2 % )                     ;
; Total registers                    ; 2807                                        ;
; Total pins                         ; 518 / 529 ( 98 % )                          ;
; Total virtual pins                 ; 0                                           ;
; Total memory bits                  ; 47,888 / 3,981,312 ( 1 % )                  ;
; Embedded Multiplier 9-bit elements ; 6 / 532 ( 1 % )                             ;
; Total PLLs                         ; 1 / 4 ( 25 % )                              ;
+------------------------------------+---------------------------------------------+


+--------------------------------------------+
; Flow Settings                              ;
+-------------------+------------------------+
; Option            ; Setting                ;
+-------------------+------------------------+
; Start date & time ; 02/11/2022 11:42:24    ;
; Main task         ; Compilation            ;
; Revision Name     ; DE2_115_USB_DEVICE_LED ;
+-------------------+------------------------+


+------------------------------------------------------------------------------------------------------------------------------------------------------------------+
; Flow Non-Default Global Settings                                                                                                                                 ;
+-------------------------------------+--------------------------------------------------------------------------------+---------------+--------------+------------+
; Assignment Name                     ; Value                                                                          ; Default Value ; Entity Name  ; Section Id ;
+-------------------------------------+--------------------------------------------------------------------------------+---------------+--------------+------------+
; COMPILER_SIGNATURE_ID               ; 123719801958938.164460854417992                                                ; --            ; --           ; --         ;
; MAX_CORE_JUNCTION_TEMP              ; 85                                                                             ; --            ; --           ; --         ;
; MIN_CORE_JUNCTION_TEMP              ; 0                                                                              ; --            ; --           ; --         ;
; MISC_FILE                           ; D:/svn/DE2_115_USB_DEVICE_LED/DE2_115_USB_DEVICE_LED.dpf                       ; --            ; --           ; --         ;
; MISC_FILE                           ; D:/Projects/DE2C4/trunk/test/DE2_115_USB_DEVICE_LED/DE2_115_USB_DEVICE_LED.dpf ; --            ; --           ; --         ;
; MISC_FILE                           ; D:/Document/de2c4/DE2_115_USB_DEVICE_LED/DE2_115_USB_DEVICE_LED.dpf            ; --            ; --           ; --         ;
; MISC_FILE                           ; E:/SVN/DE2_115/trunk/test/DE2_115_USB_DEVICE_LED/DE2_115_USB_DEVICE_LED.dpf    ; --            ; --           ; --         ;
; MISC_FILE                           ; D:/Home/User/Desktop/top_tool/top_tool/old/DE2_115_USB_DEVICE_LED.dpf          ; --            ; --           ; --         ;
; MISC_FILE                           ; DE2_115_Qsys/synthesis/../DE2_115_Qsys.cmp                                     ; --            ; --           ; --         ;
; MISC_FILE                           ; DE2_115_Qsys/synthesis/../../DE2_115_Qsys.qsys                                 ; --            ; --           ; --         ;
; MISC_FILE                           ; D:/SVN/de2_115/dev/Dee/DE2_115_USB_DEVICE_LED/DE2_115_USB_DEVICE_LED.dpf       ; --            ; --           ; --         ;
; NUM_PARALLEL_PROCESSORS             ; 2                                                                              ; --            ; --           ; --         ;
; PARTITION_COLOR                     ; -- (Not supported for targeted family)                                         ; --            ; --           ; Top        ;
; PARTITION_FITTER_PRESERVATION_LEVEL ; -- (Not supported for targeted family)                                         ; --            ; --           ; Top        ;
; PARTITION_NETLIST_TYPE              ; -- (Not supported for targeted family)                                         ; --            ; --           ; Top        ;
; POWER_BOARD_THERMAL_MODEL           ; None (CONSERVATIVE)                                                            ; --            ; --           ; --         ;
; POWER_PRESET_COOLING_SOLUTION       ; 23 MM HEAT SINK WITH 200 LFPM AIRFLOW                                          ; --            ; --           ; --         ;
; SLD_FILE                            ; DE2_115_Qsys/synthesis/DE2_115_Qsys.regmap                                     ; --            ; --           ; --         ;
; SLD_FILE                            ; DE2_115_Qsys/synthesis/DE2_115_Qsys.debuginfo                                  ; --            ; --           ; --         ;
; SLD_INFO                            ; QSYS_NAME DE2_115_Qsys HAS_SOPCINFO 1 GENERATION_ID 1644608434                 ; --            ; DE2_115_Qsys ; --         ;
; SMART_RECOMPILE                     ; On                                                                             ; Off           ; --           ; --         ;
; SOPCINFO_FILE                       ; DE2_115_Qsys/synthesis/../../DE2_115_Qsys.sopcinfo                             ; --            ; --           ; --         ;
; SYNTHESIS_ONLY_QIP                  ; On                                                                             ; --            ; --           ; --         ;
+-------------------------------------+--------------------------------------------------------------------------------+---------------+--------------+------------+


+-------------------------------------------------------------------------------------------------------------------------------+
; Flow Elapsed Time                                                                                                             ;
+---------------------------+--------------+-------------------------+---------------------+------------------------------------+
; Module Name               ; Elapsed Time ; Average Processors Used ; Peak Virtual Memory ; Total CPU Time (on all processors) ;
+---------------------------+--------------+-------------------------+---------------------+------------------------------------+
; Analysis & Synthesis      ; 00:00:34     ; 1.0                     ; 4964 MB             ; 00:00:50                           ;
; Fitter                    ; 00:00:36     ; 1.0                     ; 5503 MB             ; 00:00:43                           ;
; Assembler                 ; 00:00:03     ; 1.0                     ; 4708 MB             ; 00:00:03                           ;
; TimeQuest Timing Analyzer ; 00:00:05     ; 1.1                     ; 4889 MB             ; 00:00:05                           ;
; Total                     ; 00:01:18     ; --                      ; --                  ; 00:01:41                           ;
+---------------------------+--------------+-------------------------+---------------------+------------------------------------+


+-----------------------------------------------------------------------------------------+
; Flow OS Summary                                                                         ;
+---------------------------+------------------+------------+------------+----------------+
; Module Name               ; Machine Hostname ; OS Name    ; OS Version ; Processor type ;
+---------------------------+------------------+------------+------------+----------------+
; Analysis & Synthesis      ; DESKTOP-56C6C11  ; Windows 10 ; 10.0       ; x86_64         ;
; Fitter                    ; DESKTOP-56C6C11  ; Windows 10 ; 10.0       ; x86_64         ;
; Assembler                 ; DESKTOP-56C6C11  ; Windows 10 ; 10.0       ; x86_64         ;
; TimeQuest Timing Analyzer ; DESKTOP-56C6C11  ; Windows 10 ; 10.0       ; x86_64         ;
+---------------------------+------------------+------------+------------+----------------+


------------
; Flow Log ;
------------
quartus_map --read_settings_files=on --write_settings_files=off DE2_115_USB_DEVICE_LED -c DE2_115_USB_DEVICE_LED
quartus_fit --read_settings_files=off --write_settings_files=off DE2_115_USB_DEVICE_LED -c DE2_115_USB_DEVICE_LED
quartus_asm --read_settings_files=off --write_settings_files=off DE2_115_USB_DEVICE_LED -c DE2_115_USB_DEVICE_LED
quartus_sta DE2_115_USB_DEVICE_LED -c DE2_115_USB_DEVICE_LED



