11:43:58 **** Incremental Build of configuration Nios II for project BT_Master ****
make all 
Info: Building ../BT_Master_bsp/
E:/intelFPGA/16.1/nios2eds/bin/gnu/H-x86_64-mingw32/bin/make --no-print-directory -C ../BT_Master_bsp/
[BSP build complete]
Info: Compiling main.cpp to obj/default/main.o
nios2-elf-gcc -xc++ -MP -MMD -c -I../BT_Master_bsp//HAL/inc -I../BT_Master_bsp/ -I../BT_Master_bsp//drivers/inc  -pipe -D__hal__ -DALT_NO_INSTRUCTION_EMULATION -DALT_SINGLE_THREADED      -O0 -g -Wall   -mno-hw-div -mhw-mul -mno-hw-mulx -mgpopt=global  -o obj/default/main.o main.cpp
main.cpp: In function 'int main()':
main.cpp:41:28: warning: deprecated conversion from string constant to 'char*' [-Wwrite-strings]
   Uart.Open(HC_05_UART_NAME);
                            ^
main.cpp:54:37: warning: deprecated conversion from string constant to 'char*' [-Wwrite-strings]
    HC05.SetupSend(Uart,"AT+INIT\r\n");
                                     ^
main.cpp:56:49: warning: deprecated conversion from string constant to 'char*' [-Wwrite-strings]
     HC05.SetupSend(Uart,"AT+UART=115200,0,0\r\n");
                                                 ^
main.cpp:58:40: warning: deprecated conversion from string constant to 'char*' [-Wwrite-strings]
     HC05.SetupSend(Uart,"AT+ROLE=1\r\n");
                                        ^
main.cpp:62:51: warning: deprecated conversion from string constant to 'char*' [-Wwrite-strings]
     HC05.DeviceList(Uart,"AT+INQ\r\n",szDeviceList);
                                                   ^
main.cpp:88:41: warning: deprecated conversion from string constant to 'char*' [-Wwrite-strings]
   HC05.MessageSend(Uart,"Hello World!\n");
                                         ^
main.cpp:44:6: warning: unused variable 'RxLen' [-Wunused-variable]
  int RxLen;
      ^
Info: Linking BT_Master.elf
nios2-elf-g++  -T'../BT_Master_bsp//linker.x' -msys-crt0='../BT_Master_bsp//obj/HAL/src/crt0.o' -msys-lib=hal_bsp -L../BT_Master_bsp/   -Wl,-Map=BT_Master.map   -O0 -g -Wall   -mno-hw-div -mhw-mul -mno-hw-mulx -mgpopt=global  -o BT_Master.elf obj/default/CHC05.o obj/default/CUart.o obj/default/main.o -lm -msys-lib=m
nios2-elf-insert BT_Master.elf --thread_model hal --cpu_name nios2_gen2_0 --qsys true --simulation_enabled false --stderr_dev jtag_uart_0 --stdin_dev jtag_uart_0 --stdout_dev jtag_uart_0 --sopc_system_name Qsys --quartus_project_dir "K:/RTS/cd/system_cd/Demonstrations/DE2_115_BluetoothSPP_Master" --jdi K:/RTS/cd/system_cd/Demonstrations/DE2_115_BluetoothSPP_Master/software/BT_Master_bsp/../../DE2_115_BluetoothSPP_Master.jdi --sopcinfo K:/RTS/cd/system_cd/Demonstrations/DE2_115_BluetoothSPP_Master/software/BT_Master_bsp/../../Qsys.sopcinfo
Info: (BT_Master.elf) 136 KBytes program size (code + initialized data).
Info:                 130928 KBytes free for stack + heap.
Info: Creating BT_Master.objdump
nios2-elf-objdump --disassemble --syms --all-header --source BT_Master.elf >BT_Master.objdump
[BT_Master build complete]

11:44:00 Build Finished (took 1s.703ms)

