Info: Starting: Create block symbol file (.bsf)
Info: qsys-generate C:\Users\micae\Documents\Senior-Design-B\WABSCBR\nano-system\custom_system\nios_system.qsys --block-symbol-file --output-directory=C:\Users\micae\Documents\Senior-Design-B\WABSCBR\nano-system\custom_system\nios_system --family="Cyclone IV E" --part=EP4CE115F29C7
Progress: Loading custom_system/nios_system.qsys
Progress: Reading input file
Progress: Adding AV_Config [altera_up_avalon_audio_and_video_config 16.1]
Progress: Parameterizing module AV_Config
Progress: Adding Audio_Subsystem [Audio_Subsystem 1.0]
Progress: Parameterizing module Audio_Subsystem
Progress: Adding Char_LCD_16x2 [altera_up_avalon_character_lcd 16.1]
Progress: Parameterizing module Char_LCD_16x2
Progress: Adding Expansion_JP5 [altera_up_avalon_parallel_port 16.1]
Progress: Parameterizing module Expansion_JP5
Progress: Adding Flash [Altera_UP_Flash_Memory_IP_Core_Avalon_Interface 16.1]
Progress: Parameterizing module Flash
Progress: Adding Green_LEDs [altera_up_avalon_parallel_port 16.1]
Progress: Parameterizing module Green_LEDs
Progress: Adding HEX3_HEX0 [altera_up_avalon_parallel_port 16.1]
Progress: Parameterizing module HEX3_HEX0
Progress: Adding HEX7_HEX4 [altera_up_avalon_parallel_port 16.1]
Progress: Parameterizing module HEX7_HEX4
Progress: Adding Interval_Timer [altera_avalon_timer 16.1]
Progress: Parameterizing module Interval_Timer
Progress: Adding IrDA [altera_up_avalon_irda 16.1]
Progress: Parameterizing module IrDA
Progress: Adding JTAG_UART [altera_avalon_jtag_uart 16.1]
Progress: Parameterizing module JTAG_UART
Progress: Adding JTAG_UART_2nd_Core [altera_avalon_jtag_uart 16.1]
Progress: Parameterizing module JTAG_UART_2nd_Core
Progress: Adding JTAG_to_FPGA_Bridge [altera_jtag_avalon_master 16.1]
Progress: Parameterizing module JTAG_to_FPGA_Bridge
Progress: Adding Nios2 [altera_nios2_gen2 16.1]
Progress: Parameterizing module Nios2
Progress: Adding Nios2_2nd_Core [altera_nios2_gen2 16.1]
Progress: Parameterizing module Nios2_2nd_Core
Progress: Adding Nios2_Floating_Point [altera_nios_custom_instr_floating_point 16.1]
Progress: Parameterizing module Nios2_Floating_Point
Progress: Adding Nios2_Floating_Point_2nd_Core [altera_nios_custom_instr_floating_point 16.1]
Progress: Parameterizing module Nios2_Floating_Point_2nd_Core
Progress: Adding PS2_Port [altera_up_avalon_ps2 16.1]
Progress: Parameterizing module PS2_Port
Progress: Adding PS2_Port_Dual [altera_up_avalon_ps2 16.1]
Progress: Parameterizing module PS2_Port_Dual
Progress: Adding Pushbuttons [altera_up_avalon_parallel_port 16.1]
Progress: Parameterizing module Pushbuttons
Progress: Adding Red_LEDs [altera_up_avalon_parallel_port 16.1]
Progress: Parameterizing module Red_LEDs
Progress: Adding SDRAM [altera_avalon_new_sdram_controller 16.1]
Progress: Parameterizing module SDRAM
Progress: Adding SD_Card [Altera_UP_SD_Card_Avalon_Interface 16.1]
Progress: Parameterizing module SD_Card
Progress: Adding SRAM [altera_up_avalon_sram 16.1]
Progress: Parameterizing module SRAM
Progress: Adding Serial_Port [altera_up_avalon_rs232 16.1]
Progress: Parameterizing module Serial_Port
Progress: Adding Slider_Switches [altera_up_avalon_parallel_port 16.1]
Progress: Parameterizing module Slider_Switches
Progress: Adding SysID [altera_avalon_sysid_qsys 16.1]
Progress: Parameterizing module SysID
Progress: Adding System_PLL [altera_up_avalon_sys_sdram_pll 16.1]
Progress: Parameterizing module System_PLL
Progress: Adding USB [altera_up_avalon_usb 16.1]
Progress: Parameterizing module USB
Progress: Adding VGA_Subsystem [VGA_Subsystem 1.0]
Progress: Parameterizing module VGA_Subsystem
Progress: Adding Video_In_Subsystem [Video_In_Subsystem 1.0]
Progress: Parameterizing module Video_In_Subsystem
Progress: Building connections
Progress: Parameterizing connections
Progress: Validating
Progress: Done reading input file
Info: nios_system.JTAG_UART: JTAG UART IP input clock need to be at least double (2x) the operating frequency of JTAG TCK on board
Info: nios_system.JTAG_UART_2nd_Core: JTAG UART IP input clock need to be at least double (2x) the operating frequency of JTAG TCK on board
Info: nios_system.SDRAM: SDRAM Controller will only be supported in Quartus Prime Standard Edition in the future release.
Info: nios_system.SysID: System ID is not assigned automatically. Edit the System ID parameter to provide a unique ID
Info: nios_system.SysID: Time stamp will be automatically updated when this component is generated.
Info: nios_system.VGA_Subsystem.Char_Buf_Subsystem.Char_Buf_RGB_Resampler: RGB Resampling: 1 (bits) x 1 (planes) -> 10 (bits) x 4 (planes)
Info: nios_system.VGA_Subsystem.Char_Buf_Subsystem.Char_Buf_Scaler: Change in Resolution: 80 x 60 -> 640 x 480
Info: nios_system.VGA_Subsystem.VGA_Controller: Video Output Stream: Format: 640 x 480 with Color: 10 (bits) x 3 (planes) converted to 8 (bits) per color plane
Info: nios_system.VGA_Subsystem.VGA_Pixel_RGB_Resampler: RGB Resampling: 16 (bits) x 1 (planes) -> 10 (bits) x 3 (planes)
Info: nios_system.VGA_Subsystem.VGA_Pixel_Scaler: Change in Resolution: 320 x 240 -> 640 x 480
Info: nios_system.VGA_Subsystem.VGA_Pixel_Scaler.avalon_scaler_source/VGA_Alpha_Blender.avalon_background_sink: The source has a channel signal of 2 bits, but the sink does not. Avalon-ST Adapter will be inserted.
Info: nios_system.Video_In_Subsystem.Edge_Detection_Subsystem.Chroma_Filter: Chroma Resampling: 8 (bits) x 3 (planes) -> 8 (bits) x 1 (planes)
Info: nios_system.Video_In_Subsystem.Edge_Detection_Subsystem.Chroma_Upsampler: Chroma Resampling: 8 (bits) x 1 (planes) -> 8 (bits) x 3 (planes)
Info: nios_system.Video_In_Subsystem.Video_In: Video In Stream: Format: 720 x 244 (Odd Frames) or 720 x 243 (Even Frames) with Colour: 8 (bits) x 2 (planes) (YCrCb 4:2:2)
Info: nios_system.Video_In_Subsystem.Video_In_CSC: Colour Space Conversion: 8 (bits) x 3 (planes) (444 YCrCb) -> 8 (bits) x 3 (planes) (24-bit RGB)
Info: nios_system.Video_In_Subsystem.Video_In_Chroma_Resampler: Chroma Resampling: 8 (bits) x 2 (planes) -> 8 (bits) x 3 (planes)
Info: nios_system.Video_In_Subsystem.Video_In_Clipper: Change in Resolution: 720 x 244 -> 640 x 240
Info: nios_system.Video_In_Subsystem.Video_In_RGB_Resampler: RGB Resampling: 8 (bits) x 3 (planes) -> 16 (bits) x 1 (planes)
Info: nios_system.Video_In_Subsystem.Video_In_Scaler: Change in Resolution: 640 x 240 -> 320 x 240
Info: qsys-generate succeeded.
Info: Finished: Create block symbol file (.bsf)
Info: 
Info: Starting: Create HDL design files for synthesis
Info: qsys-generate C:\Users\micae\Documents\Senior-Design-B\WABSCBR\nano-system\custom_system\nios_system.qsys --synthesis=VERILOG --output-directory=C:\Users\micae\Documents\Senior-Design-B\WABSCBR\nano-system\custom_system\nios_system\synthesis --family="Cyclone IV E" --part=EP4CE115F29C7
Progress: Loading custom_system/nios_system.qsys
Progress: Reading input file
Progress: Adding AV_Config [altera_up_avalon_audio_and_video_config 16.1]
Progress: Parameterizing module AV_Config
Progress: Adding Audio_Subsystem [Audio_Subsystem 1.0]
Progress: Parameterizing module Audio_Subsystem
Progress: Adding Char_LCD_16x2 [altera_up_avalon_character_lcd 16.1]
Progress: Parameterizing module Char_LCD_16x2
Progress: Adding Expansion_JP5 [altera_up_avalon_parallel_port 16.1]
Progress: Parameterizing module Expansion_JP5
Progress: Adding Flash [Altera_UP_Flash_Memory_IP_Core_Avalon_Interface 16.1]
Progress: Parameterizing module Flash
Progress: Adding Green_LEDs [altera_up_avalon_parallel_port 16.1]
Progress: Parameterizing module Green_LEDs
Progress: Adding HEX3_HEX0 [altera_up_avalon_parallel_port 16.1]
Progress: Parameterizing module HEX3_HEX0
Progress: Adding HEX7_HEX4 [altera_up_avalon_parallel_port 16.1]
Progress: Parameterizing module HEX7_HEX4
Progress: Adding Interval_Timer [altera_avalon_timer 16.1]
Progress: Parameterizing module Interval_Timer
Progress: Adding IrDA [altera_up_avalon_irda 16.1]
Progress: Parameterizing module IrDA
Progress: Adding JTAG_UART [altera_avalon_jtag_uart 16.1]
Progress: Parameterizing module JTAG_UART
Progress: Adding JTAG_UART_2nd_Core [altera_avalon_jtag_uart 16.1]
Progress: Parameterizing module JTAG_UART_2nd_Core
Progress: Adding JTAG_to_FPGA_Bridge [altera_jtag_avalon_master 16.1]
Progress: Parameterizing module JTAG_to_FPGA_Bridge
Progress: Adding Nios2 [altera_nios2_gen2 16.1]
Progress: Parameterizing module Nios2
Progress: Adding Nios2_2nd_Core [altera_nios2_gen2 16.1]
Progress: Parameterizing module Nios2_2nd_Core
Progress: Adding Nios2_Floating_Point [altera_nios_custom_instr_floating_point 16.1]
Progress: Parameterizing module Nios2_Floating_Point
Progress: Adding Nios2_Floating_Point_2nd_Core [altera_nios_custom_instr_floating_point 16.1]
Progress: Parameterizing module Nios2_Floating_Point_2nd_Core
Progress: Adding PS2_Port [altera_up_avalon_ps2 16.1]
Progress: Parameterizing module PS2_Port
Progress: Adding PS2_Port_Dual [altera_up_avalon_ps2 16.1]
Progress: Parameterizing module PS2_Port_Dual
Progress: Adding Pushbuttons [altera_up_avalon_parallel_port 16.1]
Progress: Parameterizing module Pushbuttons
Progress: Adding Red_LEDs [altera_up_avalon_parallel_port 16.1]
Progress: Parameterizing module Red_LEDs
Progress: Adding SDRAM [altera_avalon_new_sdram_controller 16.1]
Progress: Parameterizing module SDRAM
Progress: Adding SD_Card [Altera_UP_SD_Card_Avalon_Interface 16.1]
Progress: Parameterizing module SD_Card
Progress: Adding SRAM [altera_up_avalon_sram 16.1]
Progress: Parameterizing module SRAM
Progress: Adding Serial_Port [altera_up_avalon_rs232 16.1]
Progress: Parameterizing module Serial_Port
Progress: Adding Slider_Switches [altera_up_avalon_parallel_port 16.1]
Progress: Parameterizing module Slider_Switches
Progress: Adding SysID [altera_avalon_sysid_qsys 16.1]
Progress: Parameterizing module SysID
Progress: Adding System_PLL [altera_up_avalon_sys_sdram_pll 16.1]
Progress: Parameterizing module System_PLL
Progress: Adding USB [altera_up_avalon_usb 16.1]
Progress: Parameterizing module USB
Progress: Adding VGA_Subsystem [VGA_Subsystem 1.0]
Progress: Parameterizing module VGA_Subsystem
Progress: Adding Video_In_Subsystem [Video_In_Subsystem 1.0]
Progress: Parameterizing module Video_In_Subsystem
Progress: Building connections
Progress: Parameterizing connections
Progress: Validating
Progress: Done reading input file
Info: nios_system.JTAG_UART: JTAG UART IP input clock need to be at least double (2x) the operating frequency of JTAG TCK on board
Info: nios_system.JTAG_UART_2nd_Core: JTAG UART IP input clock need to be at least double (2x) the operating frequency of JTAG TCK on board
Info: nios_system.SDRAM: SDRAM Controller will only be supported in Quartus Prime Standard Edition in the future release.
Info: nios_system.SysID: System ID is not assigned automatically. Edit the System ID parameter to provide a unique ID
Info: nios_system.SysID: Time stamp will be automatically updated when this component is generated.
Info: nios_system.VGA_Subsystem.Char_Buf_Subsystem.Char_Buf_RGB_Resampler: RGB Resampling: 1 (bits) x 1 (planes) -> 10 (bits) x 4 (planes)
Info: nios_system.VGA_Subsystem.Char_Buf_Subsystem.Char_Buf_Scaler: Change in Resolution: 80 x 60 -> 640 x 480
Info: nios_system.VGA_Subsystem.VGA_Controller: Video Output Stream: Format: 640 x 480 with Color: 10 (bits) x 3 (planes) converted to 8 (bits) per color plane
Info: nios_system.VGA_Subsystem.VGA_Pixel_RGB_Resampler: RGB Resampling: 16 (bits) x 1 (planes) -> 10 (bits) x 3 (planes)
Info: nios_system.VGA_Subsystem.VGA_Pixel_Scaler: Change in Resolution: 320 x 240 -> 640 x 480
Info: nios_system.VGA_Subsystem.VGA_Pixel_Scaler.avalon_scaler_source/VGA_Alpha_Blender.avalon_background_sink: The source has a channel signal of 2 bits, but the sink does not. Avalon-ST Adapter will be inserted.
Info: nios_system.Video_In_Subsystem.Edge_Detection_Subsystem.Chroma_Filter: Chroma Resampling: 8 (bits) x 3 (planes) -> 8 (bits) x 1 (planes)
Info: nios_system.Video_In_Subsystem.Edge_Detection_Subsystem.Chroma_Upsampler: Chroma Resampling: 8 (bits) x 1 (planes) -> 8 (bits) x 3 (planes)
Info: nios_system.Video_In_Subsystem.Video_In: Video In Stream: Format: 720 x 244 (Odd Frames) or 720 x 243 (Even Frames) with Colour: 8 (bits) x 2 (planes) (YCrCb 4:2:2)
Info: nios_system.Video_In_Subsystem.Video_In_CSC: Colour Space Conversion: 8 (bits) x 3 (planes) (444 YCrCb) -> 8 (bits) x 3 (planes) (24-bit RGB)
Info: nios_system.Video_In_Subsystem.Video_In_Chroma_Resampler: Chroma Resampling: 8 (bits) x 2 (planes) -> 8 (bits) x 3 (planes)
Info: nios_system.Video_In_Subsystem.Video_In_Clipper: Change in Resolution: 720 x 244 -> 640 x 240
Info: nios_system.Video_In_Subsystem.Video_In_RGB_Resampler: RGB Resampling: 8 (bits) x 3 (planes) -> 16 (bits) x 1 (planes)
Info: nios_system.Video_In_Subsystem.Video_In_Scaler: Change in Resolution: 640 x 240 -> 320 x 240
Info: nios_system: Generating nios_system "nios_system" for QUARTUS_SYNTH
Warning: nios_system: "No matching role found for Nios2_custom_instruction_master_translator:ci_slave:ci_slave_result (result)"
Warning: nios_system: "No matching role found for Nios2_custom_instruction_master_multi_xconnect:ci_slave:ci_slave_ipending (ipending)"
Warning: nios_system: "No matching role found for Nios2_custom_instruction_master_multi_xconnect:ci_slave:ci_slave_estatus (estatus)"
Warning: nios_system: "No matching role found for Nios2_2nd_Core_custom_instruction_master_translator:ci_slave:ci_slave_result (result)"
Warning: nios_system: "No matching role found for Nios2_2nd_Core_custom_instruction_master_multi_xconnect:ci_slave:ci_slave_ipending (ipending)"
Warning: nios_system: "No matching role found for Nios2_2nd_Core_custom_instruction_master_multi_xconnect:ci_slave:ci_slave_estatus (estatus)"
Info: AV_Config: Starting Generation of Audio and Video Config
Info: AV_Config: "nios_system" instantiated altera_up_avalon_audio_and_video_config "AV_Config"
Info: Audio_Subsystem: "nios_system" instantiated Audio_Subsystem "Audio_Subsystem"
Info: Char_LCD_16x2: Starting Generation of Character LCD
Info: Char_LCD_16x2: "nios_system" instantiated altera_up_avalon_character_lcd "Char_LCD_16x2"
Info: Expansion_JP5: Starting Generation of Parallel Port
Info: Expansion_JP5: "nios_system" instantiated altera_up_avalon_parallel_port "Expansion_JP5"
Info: Flash: "nios_system" instantiated Altera_UP_Flash_Memory_IP_Core_Avalon_Interface "Flash"
Info: Green_LEDs: Starting Generation of Parallel Port
Info: Green_LEDs: "nios_system" instantiated altera_up_avalon_parallel_port "Green_LEDs"
Info: HEX3_HEX0: Starting Generation of Parallel Port
Info: HEX3_HEX0: "nios_system" instantiated altera_up_avalon_parallel_port "HEX3_HEX0"
Info: HEX7_HEX4: Starting Generation of Parallel Port
Info: HEX7_HEX4: "nios_system" instantiated altera_up_avalon_parallel_port "HEX7_HEX4"
Info: Interval_Timer: Starting RTL generation for module 'nios_system_Interval_Timer'
Info: Interval_Timer:   Generation command is [exec C:/intelFPGA_lite/16.1/quartus/bin64//perl/bin/perl.exe -I C:/intelFPGA_lite/16.1/quartus/bin64//perl/lib -I C:/intelfpga_lite/16.1/quartus/sopc_builder/bin/europa -I C:/intelfpga_lite/16.1/quartus/sopc_builder/bin/perl_lib -I C:/intelfpga_lite/16.1/quartus/sopc_builder/bin -I C:/intelfpga_lite/16.1/quartus/../ip/altera/sopc_builder_ip/common -I C:/intelfpga_lite/16.1/quartus/../ip/altera/sopc_builder_ip/altera_avalon_timer -- C:/intelfpga_lite/16.1/quartus/../ip/altera/sopc_builder_ip/altera_avalon_timer/generate_rtl.pl --name=nios_system_Interval_Timer --dir=C:/Users/micae/AppData/Local/Temp/alt9034_1582342997599170298.dir/0012_Interval_Timer_gen/ --quartus_dir=C:/intelfpga_lite/16.1/quartus --verilog --config=C:/Users/micae/AppData/Local/Temp/alt9034_1582342997599170298.dir/0012_Interval_Timer_gen//nios_system_Interval_Timer_component_configuration.pl  --do_build_sim=0  ]
Info: Interval_Timer: Done RTL generation for module 'nios_system_Interval_Timer'
Info: Interval_Timer: "nios_system" instantiated altera_avalon_timer "Interval_Timer"
Info: IrDA: Starting Generation of RS232 UART
Info: IrDA: "nios_system" instantiated altera_up_avalon_irda "IrDA"
Info: JTAG_UART: Starting RTL generation for module 'nios_system_JTAG_UART'
Info: JTAG_UART:   Generation command is [exec C:/intelfpga_lite/16.1/quartus/bin64/perl/bin/perl.exe -I C:/intelfpga_lite/16.1/quartus/bin64/perl/lib -I C:/intelfpga_lite/16.1/quartus/sopc_builder/bin/europa -I C:/intelfpga_lite/16.1/quartus/sopc_builder/bin/perl_lib -I C:/intelfpga_lite/16.1/quartus/sopc_builder/bin -I C:/intelfpga_lite/16.1/quartus/../ip/altera/sopc_builder_ip/common -I C:/intelfpga_lite/16.1/quartus/../ip/altera/sopc_builder_ip/altera_avalon_jtag_uart -- C:/intelfpga_lite/16.1/quartus/../ip/altera/sopc_builder_ip/altera_avalon_jtag_uart/generate_rtl.pl --name=nios_system_JTAG_UART --dir=C:/Users/micae/AppData/Local/Temp/alt9034_1582342997599170298.dir/0014_JTAG_UART_gen/ --quartus_dir=C:/intelfpga_lite/16.1/quartus --verilog --config=C:/Users/micae/AppData/Local/Temp/alt9034_1582342997599170298.dir/0014_JTAG_UART_gen//nios_system_JTAG_UART_component_configuration.pl  --do_build_sim=0  ]
Info: JTAG_UART: Done RTL generation for module 'nios_system_JTAG_UART'
Info: JTAG_UART: "nios_system" instantiated altera_avalon_jtag_uart "JTAG_UART"
Info: JTAG_to_FPGA_Bridge: "nios_system" instantiated altera_jtag_avalon_master "JTAG_to_FPGA_Bridge"
Info: Nios2: "nios_system" instantiated altera_nios2_gen2 "Nios2"
Info: Nios2_2nd_Core: "nios_system" instantiated altera_nios2_gen2 "Nios2_2nd_Core"
Info: Nios2_Floating_Point: "nios_system" instantiated altera_nios_custom_instr_floating_point "Nios2_Floating_Point"
Info: PS2_Port: Starting Generation of PS2 Controller
Info: PS2_Port: "nios_system" instantiated altera_up_avalon_ps2 "PS2_Port"
Info: Pushbuttons: Starting Generation of Parallel Port
Info: Pushbuttons: "nios_system" instantiated altera_up_avalon_parallel_port "Pushbuttons"
Info: Red_LEDs: Starting Generation of Parallel Port
Info: Red_LEDs: "nios_system" instantiated altera_up_avalon_parallel_port "Red_LEDs"
Info: SDRAM: Starting RTL generation for module 'nios_system_SDRAM'
Info: SDRAM:   Generation command is [exec C:/intelfpga_lite/16.1/quartus/bin64/perl/bin/perl.exe -I C:/intelfpga_lite/16.1/quartus/bin64/perl/lib -I C:/intelfpga_lite/16.1/quartus/sopc_builder/bin/europa -I C:/intelfpga_lite/16.1/quartus/sopc_builder/bin/perl_lib -I C:/intelfpga_lite/16.1/quartus/sopc_builder/bin -I C:/intelfpga_lite/16.1/quartus/../ip/altera/sopc_builder_ip/common -I C:/intelfpga_lite/16.1/quartus/../ip/altera/sopc_builder_ip/altera_avalon_new_sdram_controller -- C:/intelfpga_lite/16.1/quartus/../ip/altera/sopc_builder_ip/altera_avalon_new_sdram_controller/generate_rtl.pl --name=nios_system_SDRAM --dir=C:/Users/micae/AppData/Local/Temp/alt9034_1582342997599170298.dir/0018_SDRAM_gen/ --quartus_dir=C:/intelfpga_lite/16.1/quartus --verilog --config=C:/Users/micae/AppData/Local/Temp/alt9034_1582342997599170298.dir/0018_SDRAM_gen//nios_system_SDRAM_component_configuration.pl  --do_build_sim=0  ]
Info: SDRAM: Done RTL generation for module 'nios_system_SDRAM'
Info: SDRAM: "nios_system" instantiated altera_avalon_new_sdram_controller "SDRAM"
Info: SD_Card: "nios_system" instantiated Altera_UP_SD_Card_Avalon_Interface "SD_Card"
Info: SRAM: Starting Generation of SRAM or SSRAM Controller
Info: SRAM: "nios_system" instantiated altera_up_avalon_sram "SRAM"
Info: Serial_Port: Starting Generation of RS232 UART
Info: Serial_Port: "nios_system" instantiated altera_up_avalon_rs232 "Serial_Port"
Info: Reusing file C:/Users/micae/Documents/Senior-Design-B/WABSCBR/nano-system/custom_system/nios_system/synthesis/submodules/altera_up_sync_fifo.v
Info: Slider_Switches: Starting Generation of Parallel Port
Info: Slider_Switches: "nios_system" instantiated altera_up_avalon_parallel_port "Slider_Switches"
Info: SysID: "nios_system" instantiated altera_avalon_sysid_qsys "SysID"
Info: System_PLL: "nios_system" instantiated altera_up_avalon_sys_sdram_pll "System_PLL"
Info: USB: Starting Generation of USB Controller
Info: USB: "nios_system" instantiated altera_up_avalon_usb "USB"
Info: avalon_st_adapter: Inserting channel_adapter: channel_adapter_0
Info: VGA_Subsystem: "nios_system" instantiated VGA_Subsystem "VGA_Subsystem"
Info: Video_In_Subsystem: "nios_system" instantiated Video_In_Subsystem "Video_In_Subsystem"
Info: Nios2_custom_instruction_master_translator: "nios_system" instantiated altera_customins_master_translator "Nios2_custom_instruction_master_translator"
Info: Nios2_custom_instruction_master_multi_xconnect: "nios_system" instantiated altera_customins_xconnect "Nios2_custom_instruction_master_multi_xconnect"
Info: Nios2_custom_instruction_master_multi_slave_translator0: "nios_system" instantiated altera_customins_slave_translator "Nios2_custom_instruction_master_multi_slave_translator0"
Info: avalon_st_adapter: Inserting error_adapter: error_adapter_0
Info: avalon_st_adapter_001: Inserting error_adapter: error_adapter_0
Info: avalon_st_adapter_002: Inserting error_adapter: error_adapter_0
Info: avalon_st_adapter_003: Inserting error_adapter: error_adapter_0
Info: avalon_st_adapter_004: Inserting error_adapter: error_adapter_0
Info: avalon_st_adapter_005: Inserting error_adapter: error_adapter_0
Info: avalon_st_adapter_006: Inserting error_adapter: error_adapter_0
Info: avalon_st_adapter_007: Inserting error_adapter: error_adapter_0
Info: avalon_st_adapter_008: Inserting error_adapter: error_adapter_0
Info: avalon_st_adapter_009: Inserting error_adapter: error_adapter_0
Info: avalon_st_adapter_010: Inserting error_adapter: error_adapter_0
Info: avalon_st_adapter_011: Inserting error_adapter: error_adapter_0
Info: avalon_st_adapter_012: Inserting error_adapter: error_adapter_0
Info: avalon_st_adapter_013: Inserting error_adapter: error_adapter_0
Info: avalon_st_adapter_014: Inserting error_adapter: error_adapter_0
Info: avalon_st_adapter_015: Inserting error_adapter: error_adapter_0
Info: avalon_st_adapter_016: Inserting error_adapter: error_adapter_0
Info: avalon_st_adapter_017: Inserting error_adapter: error_adapter_0
Info: avalon_st_adapter_018: Inserting error_adapter: error_adapter_0
Info: avalon_st_adapter_019: Inserting error_adapter: error_adapter_0
Info: avalon_st_adapter_020: Inserting error_adapter: error_adapter_0
Info: avalon_st_adapter_021: Inserting error_adapter: error_adapter_0
Info: avalon_st_adapter_022: Inserting error_adapter: error_adapter_0
Info: avalon_st_adapter_023: Inserting error_adapter: error_adapter_0
Info: avalon_st_adapter_024: Inserting error_adapter: error_adapter_0
Info: avalon_st_adapter_025: Inserting error_adapter: error_adapter_0
Info: avalon_st_adapter_026: Inserting error_adapter: error_adapter_0
Info: avalon_st_adapter_027: Inserting error_adapter: error_adapter_0
Info: avalon_st_adapter_028: Inserting error_adapter: error_adapter_0
Info: avalon_st_adapter_029: Inserting error_adapter: error_adapter_0
Info: avalon_st_adapter_030: Inserting error_adapter: error_adapter_0
Info: mm_interconnect_0: "nios_system" instantiated altera_mm_interconnect "mm_interconnect_0"
Info: irq_mapper: "nios_system" instantiated altera_irq_mapper "irq_mapper"
Info: rst_controller: "nios_system" instantiated altera_reset_controller "rst_controller"
Info: Audio: Starting Generation of Audio Controller
Info: Audio: "Audio_Subsystem" instantiated altera_up_avalon_audio "Audio"
Warning: Overwriting different file C:/Users/micae/Documents/Senior-Design-B/WABSCBR/nano-system/custom_system/nios_system/synthesis/submodules/altera_up_sync_fifo.v
Info: Audio_PLL: "Audio_Subsystem" instantiated altera_up_avalon_audio_pll "Audio_PLL"
Info: jtag_phy_embedded_in_jtag_master: "JTAG_to_FPGA_Bridge" instantiated altera_jtag_dc_streaming "jtag_phy_embedded_in_jtag_master"
Info: timing_adt: "JTAG_to_FPGA_Bridge" instantiated timing_adapter "timing_adt"
Info: fifo: "JTAG_to_FPGA_Bridge" instantiated altera_avalon_sc_fifo "fifo"
Info: b2p: "JTAG_to_FPGA_Bridge" instantiated altera_avalon_st_bytes_to_packets "b2p"
Info: p2b: "JTAG_to_FPGA_Bridge" instantiated altera_avalon_st_packets_to_bytes "p2b"
Info: transacto: "JTAG_to_FPGA_Bridge" instantiated altera_avalon_packets_to_master "transacto"
Info: b2p_adapter: "JTAG_to_FPGA_Bridge" instantiated channel_adapter "b2p_adapter"
Info: p2b_adapter: "JTAG_to_FPGA_Bridge" instantiated channel_adapter "p2b_adapter"
Info: cpu: Starting RTL generation for module 'nios_system_Nios2_cpu'
Info: cpu:   Generation command is [exec C:/intelFPGA_lite/16.1/quartus/bin64//eperlcmd.exe -I C:/intelFPGA_lite/16.1/quartus/bin64//perl/lib -I C:/intelfpga_lite/16.1/quartus/sopc_builder/bin/europa -I C:/intelfpga_lite/16.1/quartus/sopc_builder/bin/perl_lib -I C:/intelfpga_lite/16.1/quartus/sopc_builder/bin -I C:/intelfpga_lite/16.1/quartus/../ip/altera/nios2_ip/altera_nios2_gen2/cpu_lib -I C:/intelfpga_lite/16.1/quartus/../ip/altera/nios2_ip/altera_nios2_gen2/nios_lib -I C:/intelfpga_lite/16.1/quartus/../ip/altera/nios2_ip/altera_nios2_gen2 -I C:/intelfpga_lite/16.1/quartus/../ip/altera/nios2_ip/altera_nios2_gen2 -- C:/intelfpga_lite/16.1/quartus/../ip/altera/nios2_ip/altera_nios2_gen2/generate_rtl.epl --name=nios_system_Nios2_cpu --dir=C:/Users/micae/AppData/Local/Temp/alt9034_1582342997599170298.dir/0039_cpu_gen/ --quartus_bindir=C:/intelFPGA_lite/16.1/quartus/bin64/ --verilog --config=C:/Users/micae/AppData/Local/Temp/alt9034_1582342997599170298.dir/0039_cpu_gen//nios_system_Nios2_cpu_processor_configuration.pl  --do_build_sim=0  ]
Info: cpu: # 2022.02.10 22:50:58 (*) Starting Nios II generation
Info: cpu: # 2022.02.10 22:50:58 (*)   Checking for plaintext license.
Info: cpu: # 2022.02.10 22:50:58 (*)   Couldn't query license setup in Quartus directory C:/intelFPGA_lite/16.1/quartus/bin64/
Info: cpu: # 2022.02.10 22:50:58 (*)   Defaulting to contents of LM_LICENSE_FILE environment variable
Info: cpu: # 2022.02.10 22:50:58 (*)   LM_LICENSE_FILE environment variable is empty
Info: cpu: # 2022.02.10 22:50:58 (*)   Plaintext license not found.
Info: cpu: # 2022.02.10 22:50:58 (*)   Checking for encrypted license (non-evaluation).
Info: cpu: # 2022.02.10 22:50:59 (*)   Couldn't query license setup in Quartus directory C:/intelFPGA_lite/16.1/quartus/bin64/
Info: cpu: # 2022.02.10 22:50:59 (*)   Defaulting to contents of LM_LICENSE_FILE environment variable
Info: cpu: # 2022.02.10 22:50:59 (*)   LM_LICENSE_FILE environment variable is empty
Info: cpu: # 2022.02.10 22:50:59 (*)   Encrypted license not found.  Defaulting to OCP evaluation license (produces a time-limited SOF)
Info: cpu: # 2022.02.10 22:50:59 (*)   Elaborating CPU configuration settings
Info: cpu: # 2022.02.10 22:50:59 (*)   Creating all objects for CPU
Info: cpu: # 2022.02.10 22:50:59 (*)     Testbench
Info: cpu: # 2022.02.10 22:50:59 (*)     Instruction decoding
Info: cpu: # 2022.02.10 22:50:59 (*)       Instruction fields
Info: cpu: # 2022.02.10 22:50:59 (*)       Instruction decodes
Info: cpu: # 2022.02.10 22:50:59 (*)       Signals for RTL simulation waveforms
Info: cpu: # 2022.02.10 22:50:59 (*)       Instruction controls
Info: cpu: # 2022.02.10 22:50:59 (*)     Pipeline frontend
Info: cpu: # 2022.02.10 22:51:00 (*)     Pipeline backend
Info: cpu: # 2022.02.10 22:51:01 (*)   Generating RTL from CPU objects
Info: cpu: # 2022.02.10 22:51:03 (*)   Creating encrypted RTL
Info: cpu: # 2022.02.10 22:51:03 (*) Done Nios II generation
Info: cpu: Done RTL generation for module 'nios_system_Nios2_cpu'
Info: cpu: "Nios2" instantiated altera_nios2_gen2_unit "cpu"
Info: cpu: Starting RTL generation for module 'nios_system_Nios2_2nd_Core_cpu'
Info: cpu:   Generation command is [exec C:/intelFPGA_lite/16.1/quartus/bin64//eperlcmd.exe -I C:/intelFPGA_lite/16.1/quartus/bin64//perl/lib -I C:/intelfpga_lite/16.1/quartus/sopc_builder/bin/europa -I C:/intelfpga_lite/16.1/quartus/sopc_builder/bin/perl_lib -I C:/intelfpga_lite/16.1/quartus/sopc_builder/bin -I C:/intelfpga_lite/16.1/quartus/../ip/altera/nios2_ip/altera_nios2_gen2/cpu_lib -I C:/intelfpga_lite/16.1/quartus/../ip/altera/nios2_ip/altera_nios2_gen2/nios_lib -I C:/intelfpga_lite/16.1/quartus/../ip/altera/nios2_ip/altera_nios2_gen2 -I C:/intelfpga_lite/16.1/quartus/../ip/altera/nios2_ip/altera_nios2_gen2 -- C:/intelfpga_lite/16.1/quartus/../ip/altera/nios2_ip/altera_nios2_gen2/generate_rtl.epl --name=nios_system_Nios2_2nd_Core_cpu --dir=C:/Users/micae/AppData/Local/Temp/alt9034_1582342997599170298.dir/0040_cpu_gen/ --quartus_bindir=C:/intelFPGA_lite/16.1/quartus/bin64/ --verilog --config=C:/Users/micae/AppData/Local/Temp/alt9034_1582342997599170298.dir/0040_cpu_gen//nios_system_Nios2_2nd_Core_cpu_processor_configuration.pl  --do_build_sim=0  ]
Info: cpu: # 2022.02.10 22:51:04 (*) Starting Nios II generation
Info: cpu: # 2022.02.10 22:51:04 (*)   Checking for plaintext license.
Info: cpu: # 2022.02.10 22:51:04 (*)   Couldn't query license setup in Quartus directory C:/intelFPGA_lite/16.1/quartus/bin64/
Info: cpu: # 2022.02.10 22:51:04 (*)   Defaulting to contents of LM_LICENSE_FILE environment variable
Info: cpu: # 2022.02.10 22:51:04 (*)   LM_LICENSE_FILE environment variable is empty
Info: cpu: # 2022.02.10 22:51:04 (*)   Plaintext license not found.
Info: cpu: # 2022.02.10 22:51:04 (*)   Checking for encrypted license (non-evaluation).
Info: cpu: # 2022.02.10 22:51:05 (*)   Couldn't query license setup in Quartus directory C:/intelFPGA_lite/16.1/quartus/bin64/
Info: cpu: # 2022.02.10 22:51:05 (*)   Defaulting to contents of LM_LICENSE_FILE environment variable
Info: cpu: # 2022.02.10 22:51:05 (*)   LM_LICENSE_FILE environment variable is empty
Info: cpu: # 2022.02.10 22:51:05 (*)   Encrypted license not found.  Defaulting to OCP evaluation license (produces a time-limited SOF)
Info: cpu: # 2022.02.10 22:51:05 (*)   Elaborating CPU configuration settings
Info: cpu: # 2022.02.10 22:51:05 (*)   Creating all objects for CPU
Info: cpu: # 2022.02.10 22:51:05 (*)     Testbench
Info: cpu: # 2022.02.10 22:51:05 (*)     Instruction decoding
Info: cpu: # 2022.02.10 22:51:05 (*)       Instruction fields
Info: cpu: # 2022.02.10 22:51:05 (*)       Instruction decodes
Info: cpu: # 2022.02.10 22:51:05 (*)       Signals for RTL simulation waveforms
Info: cpu: # 2022.02.10 22:51:06 (*)       Instruction controls
Info: cpu: # 2022.02.10 22:51:06 (*)     Pipeline frontend
Info: cpu: # 2022.02.10 22:51:06 (*)     Pipeline backend
Info: cpu: # 2022.02.10 22:51:07 (*)   Generating RTL from CPU objects
Info: cpu: # 2022.02.10 22:51:09 (*)   Creating encrypted RTL
Info: cpu: # 2022.02.10 22:51:10 (*) Done Nios II generation
Info: cpu: Done RTL generation for module 'nios_system_Nios2_2nd_Core_cpu'
Info: cpu: "Nios2_2nd_Core" instantiated altera_nios2_gen2_unit "cpu"
Info: sys_pll: "System_PLL" instantiated altera_up_altpll "sys_pll"
Info: reset_from_locked: "System_PLL" instantiated altera_up_avalon_reset_from_locked_signal "reset_from_locked"
Info: Interconnect is inserted between master Char_Buf_DMA.avalon_dma_master and slave Onchip_SRAM.s2 because the master has address signal 32 bit wide, but the slave is 11 bit wide.
Info: Interconnect is inserted between master Char_Buf_DMA.avalon_dma_master and slave Onchip_SRAM.s2 because the master has waitrequest signal 1 bit wide, but the slave is 0 bit wide.
Info: Interconnect is inserted between master Char_Buf_DMA.avalon_dma_master and slave Onchip_SRAM.s2 because the master has lock signal 1 bit wide, but the slave is 0 bit wide.
Info: Interconnect is inserted between master Char_Buf_DMA.avalon_dma_master and slave Onchip_SRAM.s2 because the master has read signal 1 bit wide, but the slave is 0 bit wide.
Info: Interconnect is inserted between master Char_Buf_DMA.avalon_dma_master and slave Onchip_SRAM.s2 because the master has readdata signal 8 bit wide, but the slave is 32 bit wide.
Info: Interconnect is inserted between master Char_Buf_DMA.avalon_dma_master and slave Onchip_SRAM.s2 because the master has readdatavalid signal 1 bit wide, but the slave is 0 bit wide.
Info: Char_Buf_Subsystem: "VGA_Subsystem" instantiated Char_Buf_Subsystem "Char_Buf_Subsystem"
Info: VGA_Alpha_Blender: Starting Generation of the Alpha Blender
Info: VGA_Alpha_Blender: "VGA_Subsystem" instantiated altera_up_avalon_video_alpha_blender "VGA_Alpha_Blender"
Info: VGA_Controller: Starting Generation of VGA Controller
Info: VGA_Controller: "VGA_Subsystem" instantiated altera_up_avalon_video_vga_controller "VGA_Controller"
Info: VGA_Dual_Clock_FIFO: Starting Generation of the Dual Clock Buffer
Info: VGA_Dual_Clock_FIFO: "VGA_Subsystem" instantiated altera_up_avalon_video_dual_clock_buffer "VGA_Dual_Clock_FIFO"
Info: VGA_PLL: "VGA_Subsystem" instantiated altera_up_avalon_video_pll "VGA_PLL"
Info: VGA_Pixel_DMA: Starting Generation of VGA Pixel Buffer
Info: VGA_Pixel_DMA: "VGA_Subsystem" instantiated altera_up_avalon_video_pixel_buffer_dma "VGA_Pixel_DMA"
Info: VGA_Pixel_FIFO: Starting Generation of the Dual Clock Buffer
Info: VGA_Pixel_FIFO: "VGA_Subsystem" instantiated altera_up_avalon_video_dual_clock_buffer "VGA_Pixel_FIFO"
Info: VGA_Pixel_RGB_Resampler: Starting Generation of Video RGB Resampler
Info: VGA_Pixel_RGB_Resampler: "VGA_Subsystem" instantiated altera_up_avalon_video_rgb_resampler "VGA_Pixel_RGB_Resampler"
Info: VGA_Pixel_Scaler: Starting Generation of Video Scaler
Info: VGA_Pixel_Scaler: "VGA_Subsystem" instantiated altera_up_avalon_video_scaler "VGA_Pixel_Scaler"
Info: avalon_st_adapter: "VGA_Subsystem" instantiated altera_avalon_st_adapter "avalon_st_adapter"
Info: Edge_Detection_Subsystem: "Video_In_Subsystem" instantiated Edge_Detection_Subsystem "Edge_Detection_Subsystem"
Info: Video_In: Starting Generation of Video In Decoder
Info: Video_In: "Video_In_Subsystem" instantiated altera_up_avalon_video_decoder "Video_In"
Info: Video_In_CSC: Starting Generation of Colour Space Converter
Info: Video_In_CSC: "Video_In_Subsystem" instantiated altera_up_avalon_video_csc "Video_In_CSC"
Info: Video_In_Chroma_Resampler: Starting Generation of Chroma Resampler
Info: Video_In_Chroma_Resampler: "Video_In_Subsystem" instantiated altera_up_avalon_video_chroma_resampler "Video_In_Chroma_Resampler"
Info: Video_In_Clipper: Starting generation of the video clipper
Info: Video_In_Clipper: "Video_In_Subsystem" instantiated altera_up_avalon_video_clipper "Video_In_Clipper"
Info: Video_In_DMA: Starting Generation of Video DMA Controller
Info: Video_In_DMA: "Video_In_Subsystem" instantiated altera_up_avalon_video_dma_controller "Video_In_DMA"
Info: Video_In_RGB_Resampler: Starting Generation of Video RGB Resampler
Info: Video_In_RGB_Resampler: "Video_In_Subsystem" instantiated altera_up_avalon_video_rgb_resampler "Video_In_RGB_Resampler"
Info: Video_In_Scaler: Starting Generation of Video Scaler
Info: Video_In_Scaler: "Video_In_Subsystem" instantiated altera_up_avalon_video_scaler "Video_In_Scaler"
Info: Reusing file C:/Users/micae/Documents/Senior-Design-B/WABSCBR/nano-system/custom_system/nios_system/synthesis/submodules/altera_up_video_scaler_shrink.v
Info: Reusing file C:/Users/micae/Documents/Senior-Design-B/WABSCBR/nano-system/custom_system/nios_system/synthesis/submodules/altera_up_video_scaler_multiply_width.v
Info: Reusing file C:/Users/micae/Documents/Senior-Design-B/WABSCBR/nano-system/custom_system/nios_system/synthesis/submodules/altera_up_video_scaler_multiply_height.v
Info: Nios2_data_master_translator: "mm_interconnect_0" instantiated altera_merlin_master_translator "Nios2_data_master_translator"
Info: Audio_Subsystem_audio_slave_translator: "mm_interconnect_0" instantiated altera_merlin_slave_translator "Audio_Subsystem_audio_slave_translator"
Info: Nios2_data_master_agent: "mm_interconnect_0" instantiated altera_merlin_master_agent "Nios2_data_master_agent"
Info: Audio_Subsystem_audio_slave_agent: "mm_interconnect_0" instantiated altera_merlin_slave_agent "Audio_Subsystem_audio_slave_agent"
Info: router: "mm_interconnect_0" instantiated altera_merlin_router "router"
Info: router_001: "mm_interconnect_0" instantiated altera_merlin_router "router_001"
Info: router_002: "mm_interconnect_0" instantiated altera_merlin_router "router_002"
Info: router_003: "mm_interconnect_0" instantiated altera_merlin_router "router_003"
Info: router_004: "mm_interconnect_0" instantiated altera_merlin_router "router_004"
Info: router_005: "mm_interconnect_0" instantiated altera_merlin_router "router_005"
Info: router_007: "mm_interconnect_0" instantiated altera_merlin_router "router_007"
Info: router_010: "mm_interconnect_0" instantiated altera_merlin_router "router_010"
Info: router_011: "mm_interconnect_0" instantiated altera_merlin_router "router_011"
Info: router_023: "mm_interconnect_0" instantiated altera_merlin_router "router_023"
Info: router_028: "mm_interconnect_0" instantiated altera_merlin_router "router_028"
Info: router_030: "mm_interconnect_0" instantiated altera_merlin_router "router_030"
Info: router_033: "mm_interconnect_0" instantiated altera_merlin_router "router_033"
Info: router_036: "mm_interconnect_0" instantiated altera_merlin_router "router_036"
Info: router_037: "mm_interconnect_0" instantiated altera_merlin_router "router_037"
Info: JTAG_to_FPGA_Bridge_master_limiter: "mm_interconnect_0" instantiated altera_merlin_traffic_limiter "JTAG_to_FPGA_Bridge_master_limiter"
Info: Reusing file C:/Users/micae/Documents/Senior-Design-B/WABSCBR/nano-system/custom_system/nios_system/synthesis/submodules/altera_avalon_sc_fifo.v
Info: Reusing file C:/Users/micae/Documents/Senior-Design-B/WABSCBR/nano-system/custom_system/nios_system/synthesis/submodules/altera_avalon_st_pipeline_base.v
Info: Char_LCD_16x2_avalon_lcd_slave_burst_adapter: "mm_interconnect_0" instantiated altera_merlin_burst_adapter "Char_LCD_16x2_avalon_lcd_slave_burst_adapter"
Info: Reusing file C:/Users/micae/Documents/Senior-Design-B/WABSCBR/nano-system/custom_system/nios_system/synthesis/submodules/altera_avalon_st_pipeline_stage.sv
Info: Reusing file C:/Users/micae/Documents/Senior-Design-B/WABSCBR/nano-system/custom_system/nios_system/synthesis/submodules/altera_avalon_st_pipeline_base.v
Info: cmd_demux: "mm_interconnect_0" instantiated altera_merlin_demultiplexer "cmd_demux"
Info: cmd_demux_002: "mm_interconnect_0" instantiated altera_merlin_demultiplexer "cmd_demux_002"
Info: cmd_demux_003: "mm_interconnect_0" instantiated altera_merlin_demultiplexer "cmd_demux_003"
Info: cmd_demux_005: "mm_interconnect_0" instantiated altera_merlin_demultiplexer "cmd_demux_005"
Info: cmd_demux_006: "mm_interconnect_0" instantiated altera_merlin_demultiplexer "cmd_demux_006"
Info: cmd_mux: "mm_interconnect_0" instantiated altera_merlin_multiplexer "cmd_mux"
Info: cmd_mux_003: "mm_interconnect_0" instantiated altera_merlin_multiplexer "cmd_mux_003"
Info: Reusing file C:/Users/micae/Documents/Senior-Design-B/WABSCBR/nano-system/custom_system/nios_system/synthesis/submodules/altera_merlin_arbitrator.sv
Info: cmd_mux_004: "mm_interconnect_0" instantiated altera_merlin_multiplexer "cmd_mux_004"
Info: Reusing file C:/Users/micae/Documents/Senior-Design-B/WABSCBR/nano-system/custom_system/nios_system/synthesis/submodules/altera_merlin_arbitrator.sv
Info: cmd_mux_016: "mm_interconnect_0" instantiated altera_merlin_multiplexer "cmd_mux_016"
Info: Reusing file C:/Users/micae/Documents/Senior-Design-B/WABSCBR/nano-system/custom_system/nios_system/synthesis/submodules/altera_merlin_arbitrator.sv
Info: cmd_mux_023: "mm_interconnect_0" instantiated altera_merlin_multiplexer "cmd_mux_023"
Info: Reusing file C:/Users/micae/Documents/Senior-Design-B/WABSCBR/nano-system/custom_system/nios_system/synthesis/submodules/altera_merlin_arbitrator.sv
Info: cmd_mux_026: "mm_interconnect_0" instantiated altera_merlin_multiplexer "cmd_mux_026"
Info: Reusing file C:/Users/micae/Documents/Senior-Design-B/WABSCBR/nano-system/custom_system/nios_system/synthesis/submodules/altera_merlin_arbitrator.sv
Info: cmd_mux_029: "mm_interconnect_0" instantiated altera_merlin_multiplexer "cmd_mux_029"
Info: Reusing file C:/Users/micae/Documents/Senior-Design-B/WABSCBR/nano-system/custom_system/nios_system/synthesis/submodules/altera_merlin_arbitrator.sv
Info: rsp_demux: "mm_interconnect_0" instantiated altera_merlin_demultiplexer "rsp_demux"
Info: rsp_demux_003: "mm_interconnect_0" instantiated altera_merlin_demultiplexer "rsp_demux_003"
Info: rsp_demux_004: "mm_interconnect_0" instantiated altera_merlin_demultiplexer "rsp_demux_004"
Info: rsp_demux_016: "mm_interconnect_0" instantiated altera_merlin_demultiplexer "rsp_demux_016"
Info: rsp_demux_023: "mm_interconnect_0" instantiated altera_merlin_demultiplexer "rsp_demux_023"
Info: rsp_demux_026: "mm_interconnect_0" instantiated altera_merlin_demultiplexer "rsp_demux_026"
Info: rsp_demux_029: "mm_interconnect_0" instantiated altera_merlin_demultiplexer "rsp_demux_029"
Info: rsp_mux: "mm_interconnect_0" instantiated altera_merlin_multiplexer "rsp_mux"
Info: Reusing file C:/Users/micae/Documents/Senior-Design-B/WABSCBR/nano-system/custom_system/nios_system/synthesis/submodules/altera_merlin_arbitrator.sv
Info: rsp_mux_002: "mm_interconnect_0" instantiated altera_merlin_multiplexer "rsp_mux_002"
Info: Reusing file C:/Users/micae/Documents/Senior-Design-B/WABSCBR/nano-system/custom_system/nios_system/synthesis/submodules/altera_merlin_arbitrator.sv
Info: rsp_mux_003: "mm_interconnect_0" instantiated altera_merlin_multiplexer "rsp_mux_003"
Info: Reusing file C:/Users/micae/Documents/Senior-Design-B/WABSCBR/nano-system/custom_system/nios_system/synthesis/submodules/altera_merlin_arbitrator.sv
Info: rsp_mux_005: "mm_interconnect_0" instantiated altera_merlin_multiplexer "rsp_mux_005"
Info: Reusing file C:/Users/micae/Documents/Senior-Design-B/WABSCBR/nano-system/custom_system/nios_system/synthesis/submodules/altera_merlin_arbitrator.sv
Info: Nios2_data_master_to_Char_LCD_16x2_avalon_lcd_slave_cmd_width_adapter: "mm_interconnect_0" instantiated altera_merlin_width_adapter "Nios2_data_master_to_Char_LCD_16x2_avalon_lcd_slave_cmd_width_adapter"
Info: Reusing file C:/Users/micae/Documents/Senior-Design-B/WABSCBR/nano-system/custom_system/nios_system/synthesis/submodules/altera_merlin_address_alignment.sv
Info: Reusing file C:/Users/micae/Documents/Senior-Design-B/WABSCBR/nano-system/custom_system/nios_system/synthesis/submodules/altera_merlin_burst_uncompressor.sv
Info: avalon_st_adapter: "mm_interconnect_0" instantiated altera_avalon_st_adapter "avalon_st_adapter"
Info: avalon_st_adapter_004: "mm_interconnect_0" instantiated altera_avalon_st_adapter "avalon_st_adapter_004"
Info: avalon_st_adapter_016: "mm_interconnect_0" instantiated altera_avalon_st_adapter "avalon_st_adapter_016"
Info: ASCII_to_Image: Starting Generation of ASCII to Image Stream Converter
Info: ASCII_to_Image: "Char_Buf_Subsystem" instantiated altera_up_avalon_video_ascii_to_image "ASCII_to_Image"
Info: Char_Buf_DMA: Starting Generation of Video DMA Controller
Info: Char_Buf_DMA: "Char_Buf_Subsystem" instantiated altera_up_avalon_video_dma_controller "Char_Buf_DMA"
Info: Reusing file C:/Users/micae/Documents/Senior-Design-B/WABSCBR/nano-system/custom_system/nios_system/synthesis/submodules/altera_up_video_dma_control_slave.v
Info: Reusing file C:/Users/micae/Documents/Senior-Design-B/WABSCBR/nano-system/custom_system/nios_system/synthesis/submodules/altera_up_video_dma_to_memory.v
Info: Reusing file C:/Users/micae/Documents/Senior-Design-B/WABSCBR/nano-system/custom_system/nios_system/synthesis/submodules/altera_up_video_dma_to_stream.v
Info: Char_Buf_RGB_Resampler: Starting Generation of Video RGB Resampler
Info: Char_Buf_RGB_Resampler: "Char_Buf_Subsystem" instantiated altera_up_avalon_video_rgb_resampler "Char_Buf_RGB_Resampler"
Info: Char_Buf_Scaler: Starting Generation of Video Scaler
Info: Char_Buf_Scaler: "Char_Buf_Subsystem" instantiated altera_up_avalon_video_scaler "Char_Buf_Scaler"
Info: Reusing file C:/Users/micae/Documents/Senior-Design-B/WABSCBR/nano-system/custom_system/nios_system/synthesis/submodules/altera_up_video_scaler_shrink.v
Info: Reusing file C:/Users/micae/Documents/Senior-Design-B/WABSCBR/nano-system/custom_system/nios_system/synthesis/submodules/altera_up_video_scaler_multiply_width.v
Info: Reusing file C:/Users/micae/Documents/Senior-Design-B/WABSCBR/nano-system/custom_system/nios_system/synthesis/submodules/altera_up_video_scaler_multiply_height.v
Info: Onchip_SRAM: Starting RTL generation for module 'nios_system_VGA_Subsystem_Char_Buf_Subsystem_Onchip_SRAM'
Info: Onchip_SRAM:   Generation command is [exec C:/intelfpga_lite/16.1/quartus/bin64/perl/bin/perl.exe -I C:/intelfpga_lite/16.1/quartus/bin64/perl/lib -I C:/intelfpga_lite/16.1/quartus/sopc_builder/bin/europa -I C:/intelfpga_lite/16.1/quartus/sopc_builder/bin/perl_lib -I C:/intelfpga_lite/16.1/quartus/sopc_builder/bin -I C:/intelfpga_lite/16.1/quartus/../ip/altera/sopc_builder_ip/common -I C:/intelfpga_lite/16.1/quartus/../ip/altera/sopc_builder_ip/altera_avalon_onchip_memory2 -- C:/intelfpga_lite/16.1/quartus/../ip/altera/sopc_builder_ip/altera_avalon_onchip_memory2/generate_rtl.pl --name=nios_system_VGA_Subsystem_Char_Buf_Subsystem_Onchip_SRAM --dir=C:/Users/micae/AppData/Local/Temp/alt9034_1582342997599170298.dir/0106_Onchip_SRAM_gen/ --quartus_dir=C:/intelfpga_lite/16.1/quartus --verilog --config=C:/Users/micae/AppData/Local/Temp/alt9034_1582342997599170298.dir/0106_Onchip_SRAM_gen//nios_system_VGA_Subsystem_Char_Buf_Subsystem_Onchip_SRAM_component_configuration.pl  --do_build_sim=0  ]
Info: Onchip_SRAM: Done RTL generation for module 'nios_system_VGA_Subsystem_Char_Buf_Subsystem_Onchip_SRAM'
Info: Onchip_SRAM: "Char_Buf_Subsystem" instantiated altera_avalon_onchip_memory2 "Onchip_SRAM"
Info: Set_Black_Transparent: Starting Generation of Video Change Alpha Value IP Core
Info: Set_Black_Transparent: "Char_Buf_Subsystem" instantiated altera_up_avalon_video_change_alpha "Set_Black_Transparent"
Info: avalon_st_adapter: Inserting error_adapter: error_adapter_0
Info: mm_interconnect_0: "Char_Buf_Subsystem" instantiated altera_mm_interconnect "mm_interconnect_0"
Info: channel_adapter_0: "avalon_st_adapter" instantiated channel_adapter "channel_adapter_0"
Info: Chroma_Filter: Starting Generation of Chroma Resampler
Info: Chroma_Filter: "Edge_Detection_Subsystem" instantiated altera_up_avalon_video_chroma_resampler "Chroma_Filter"
Info: Chroma_Upsampler: Starting Generation of Chroma Resampler
Info: Chroma_Upsampler: "Edge_Detection_Subsystem" instantiated altera_up_avalon_video_chroma_resampler "Chroma_Upsampler"
Info: Edge_Detection: Starting Generation of Video In Edge Detection
Info: Edge_Detection: "Edge_Detection_Subsystem" instantiated altera_up_avalon_video_edge_detection "Edge_Detection"
Info: Edge_Detection_Router_Controller: Starting RTL generation for module 'nios_system_Video_In_Subsystem_Edge_Detection_Subsystem_Edge_Detection_Router_Controller'
Info: Edge_Detection_Router_Controller:   Generation command is [exec C:/intelfpga_lite/16.1/quartus/bin64/perl/bin/perl.exe -I C:/intelfpga_lite/16.1/quartus/bin64/perl/lib -I C:/intelfpga_lite/16.1/quartus/sopc_builder/bin/europa -I C:/intelfpga_lite/16.1/quartus/sopc_builder/bin/perl_lib -I C:/intelfpga_lite/16.1/quartus/sopc_builder/bin -I C:/intelfpga_lite/16.1/quartus/../ip/altera/sopc_builder_ip/common -I C:/intelfpga_lite/16.1/quartus/../ip/altera/sopc_builder_ip/altera_avalon_pio -- C:/intelfpga_lite/16.1/quartus/../ip/altera/sopc_builder_ip/altera_avalon_pio/generate_rtl.pl --name=nios_system_Video_In_Subsystem_Edge_Detection_Subsystem_Edge_Detection_Router_Controller --dir=C:/Users/micae/AppData/Local/Temp/alt9034_1582342997599170298.dir/0112_Edge_Detection_Router_Controller_gen/ --quartus_dir=C:/intelfpga_lite/16.1/quartus --verilog --config=C:/Users/micae/AppData/Local/Temp/alt9034_1582342997599170298.dir/0112_Edge_Detection_Router_Controller_gen//nios_system_Video_In_Subsystem_Edge_Detection_Subsystem_Edge_Detection_Router_Controller_component_configuration.pl  --do_build_sim=0  ]
Info: Edge_Detection_Router_Controller: Done RTL generation for module 'nios_system_Video_In_Subsystem_Edge_Detection_Subsystem_Edge_Detection_Router_Controller'
Info: Edge_Detection_Router_Controller: "Edge_Detection_Subsystem" instantiated altera_avalon_pio "Edge_Detection_Router_Controller"
Info: Video_Stream_Merger: Starting Generation of Video In Stream Router
Info: Video_Stream_Merger: "Edge_Detection_Subsystem" instantiated altera_up_avalon_video_stream_router "Video_Stream_Merger"
Info: Video_Stream_Splitter: Starting Generation of Video In Stream Router
Info: Video_Stream_Splitter: "Edge_Detection_Subsystem" instantiated altera_up_avalon_video_stream_router "Video_Stream_Splitter"
Info: error_adapter_0: "avalon_st_adapter" instantiated error_adapter "error_adapter_0"
Info: error_adapter_0: "avalon_st_adapter_004" instantiated error_adapter "error_adapter_0"
Info: error_adapter_0: "avalon_st_adapter_016" instantiated error_adapter "error_adapter_0"
Info: router: "mm_interconnect_0" instantiated altera_merlin_router "router"
Info: router_001: "mm_interconnect_0" instantiated altera_merlin_router "router_001"
Info: cmd_demux: "mm_interconnect_0" instantiated altera_merlin_demultiplexer "cmd_demux"
Info: cmd_mux: "mm_interconnect_0" instantiated altera_merlin_multiplexer "cmd_mux"
Info: Reusing file C:/Users/micae/Documents/Senior-Design-B/WABSCBR/nano-system/custom_system/nios_system/synthesis/submodules/altera_merlin_arbitrator.sv
Info: rsp_mux: "mm_interconnect_0" instantiated altera_merlin_multiplexer "rsp_mux"
Info: Reusing file C:/Users/micae/Documents/Senior-Design-B/WABSCBR/nano-system/custom_system/nios_system/synthesis/submodules/altera_merlin_arbitrator.sv
Info: nios_system: Done "nios_system" with 137 modules, 255 files
Info: qsys-generate succeeded.
Info: Finished: Create HDL design files for synthesis
